<?xml version="1.0" encoding="UTF-8"?>
<!-- Generated by org.testng.reporters.JUnitReportReporter -->
<testsuite hostname="INLEN8520074575" failures="0" tests="1" name="testrunner.Ex_01_ProductList_TestRunner" time="60.102" errors="0" timestamp="2023-06-08T16:22:47 IST" skipped="0">
  <testcase classname="testrunner.Ex_01_ProductList_TestRunner" name="runScenario" time="60.102"/>
  <system-out/>
</testsuite> <!-- testrunner.Ex_01_ProductList_TestRunner -->
