<?xml version="1.0" encoding="UTF-8"?>
<!-- Generated by org.testng.reporters.JUnitReportReporter -->
<testsuite hostname="INLEN8520074575" failures="0" tests="1" name="testrunner.Ex01_ProductList_TestRunner" time="75.057" errors="0" timestamp="2023-06-04T14:33:26 IST" skipped="0">
  <testcase classname="testrunner.Ex01_ProductList_TestRunner" name="runScenario" time="75.057"/>
  <system-out/>
</testsuite> <!-- testrunner.Ex01_ProductList_TestRunner -->
