<?xml version="1.0" encoding="UTF-8"?>
<!-- Generated by org.testng.reporters.JUnitReportReporter -->
<testsuite hostname="INLEN8520074575" failures="0" tests="1" name="testrunner.Ex_03_Excel_TestRunner" time="49.597" errors="0" timestamp="2023-06-09T00:20:01 IST" skipped="0">
  <testcase classname="testrunner.Ex_03_Excel_TestRunner" name="runScenario" time="49.597"/>
  <system-out/>
</testsuite> <!-- testrunner.Ex_03_Excel_TestRunner -->
